<?xml version="1.0" encoding="UTF-8"?>
<testsuites name="Build an Impact Website" time="11" tests="2" failures="0" errors="0">
   <testsuite name="Build an Impact Website" tests="2" failures="0" errors="0" time="11" timestamp="2017-07-26 15:14:13" hostname="Andy - Cindy-AW" id="Test Suites/Build an Impact Website">
      <properties>
         <property name="deviceName" value=""/>
         <property name="devicePlatform" value=""/>
         <property name="logFolder" value="C:\\Users\\Cindy\\Katalon Studio\\MyContent\\Reports\\Build an Impact Website\\20170726_151410"/>
         <property name="logFiles" value="C:\\Users\\Cindy\\Katalon Studio\\MyContent\\Reports\\Build an Impact Website\\20170726_151410\\execution0.log"/>
         <property name="attachments" value=""/>
         <property name="hostName" value="Andy - Cindy-AW"/>
         <property name="os" value="Windows 10 64bit"/>
         <property name="katalonVersion" value="4.7.0.2"/>
         <property name="browser" value="Chrome 59.0.3071.115"/>
         <property name="hostAddress" value="192.168.1.211"/>
         <property name="sessionId" value="9be2eff7a33e9d8022bc5bac3597d45e"/>
         <property name="seleniumVersion" value="2.53.0"/>
         <property name="proxyInformation" value="ProxyInformation{proxyOption=NO_PROXY, proxyServerType=, password=, proxyServerAddress=, proxyServerPort=0}"/>
         <property name="platform" value="Windows 10"/>
      </properties>
      <testcase name="Test Cases/Website Creation/Select BD" classname="Test Cases/Website Creation/Select BD" status="PASSED">
         <system-out><![CDATA[2017-07-26 15:14:14 - [TEST_CASE][PASSED] - Test Cases/Website Creation/Select BD: Test Cases/Website Creation/Select BD

2017-07-26 15:14:14 - [TEST_STEP][PASSED] - openBrowser: Browser is opened with url: 'accounts.force1.awdev.ca/user'

2017-07-26 15:14:17 - [MESSAGE][PASSED] - Browser is opened with url: 'accounts.force1.awdev.ca/user'

2017-07-26 15:14:17 - [TEST_STEP][PASSED] - click: Object: 'Object Repository/Page_Log in  AW Force/a_Create an account' is clicked on

2017-07-26 15:14:19 - [MESSAGE][PASSED] - Object: 'Object Repository/Page_Log in  AW Force/a_Create an account' is clicked on

2017-07-26 15:14:19 - [TEST_STEP][PASSED] - verifyElementPresent: Object 'Object Repository/Page_AW Force Website Builder/img' is present

2017-07-26 15:14:20 - [MESSAGE][WARNING] - Timeout '0' is invalid. Using default page load timeout: '30'

2017-07-26 15:14:20 - [MESSAGE][PASSED] - Object 'Object Repository/Page_AW Force Website Builder/img' is present

2017-07-26 15:14:20 - [TEST_STEP][PASSED] - verifyElementPresent: Object 'Object Repository/Page_AW Force Website Builder/BrokerDealer/label_Select your Broker-Deale' is present

2017-07-26 15:14:20 - [MESSAGE][PASSED] - Object 'Object Repository/Page_AW Force Website Builder/BrokerDealer/label_Select your Broker-Deale' is present

2017-07-26 15:14:20 - [TEST_STEP][PASSED] - click: Object: 'Object Repository/Page_AW Force Website Builder/BrokerDealer/span_None' is clicked on

2017-07-26 15:14:20 - [MESSAGE][PASSED] - Object: 'Object Repository/Page_AW Force Website Builder/BrokerDealer/span_None' is clicked on

2017-07-26 15:14:20 - [TEST_STEP][PASSED] - Statement - Try: Object: 'Object Repository/Page_AW Force Website Builder/BrokerDealer/li_awbd' is clicked on

2017-07-26 15:14:20 - [TEST_STEP][PASSED] - setText: Text 'awbd' is set on object 'Object Repository/Page_AW Force Website Builder/BrokerDealer/input_select2-search__field'

2017-07-26 15:14:20 - [MESSAGE][PASSED] - Text 'awbd' is set on object 'Object Repository/Page_AW Force Website Builder/BrokerDealer/input_select2-search__field'

2017-07-26 15:14:20 - [TEST_STEP][PASSED] - click: Object: 'Object Repository/Page_AW Force Website Builder/BrokerDealer/li_awbd' is clicked on

2017-07-26 15:14:21 - [MESSAGE][PASSED] - Object: 'Object Repository/Page_AW Force Website Builder/BrokerDealer/li_awbd' is clicked on

2017-07-26 15:14:21 - [TEST_STEP][PASSED] - Statement - Finally: Object: 'Object Repository/Page_AW Force Website Builder/BrokerDealer/li_None' is clicked on

2017-07-26 15:14:21 - [TEST_STEP][PASSED] - click: Object: 'Object Repository/Page_AW Force Website Builder/BrokerDealer/span_select2-selection__arrow' is clicked on

2017-07-26 15:14:21 - [MESSAGE][PASSED] - Object: 'Object Repository/Page_AW Force Website Builder/BrokerDealer/span_select2-selection__arrow' is clicked on

2017-07-26 15:14:21 - [TEST_STEP][PASSED] - click: Object: 'Object Repository/Page_AW Force Website Builder/BrokerDealer/li_None' is clicked on

2017-07-26 15:14:21 - [MESSAGE][PASSED] - Object: 'Object Repository/Page_AW Force Website Builder/BrokerDealer/li_None' is clicked on

2017-07-26 15:14:21 - [TEST_STEP][PASSED] - click: Object: 'Object Repository/Page_AW Force Website Builder/BrokerDealer/span_None' is clicked on

2017-07-26 15:14:21 - [MESSAGE][PASSED] - Object: 'Object Repository/Page_AW Force Website Builder/BrokerDealer/span_None' is clicked on

2017-07-26 15:14:21 - [TEST_STEP][PASSED] - Statement - Try: Keys '' sent to object: 'Object Repository/Page_AW Force Website Builder/Themes/input_select2-search__field'

2017-07-26 15:14:21 - [TEST_STEP][PASSED] - setText: Text 'awbd' is set on object 'Object Repository/Page_AW Force Website Builder/BrokerDealer/input_select2-search__field'

2017-07-26 15:14:21 - [MESSAGE][PASSED] - Text 'awbd' is set on object 'Object Repository/Page_AW Force Website Builder/BrokerDealer/input_select2-search__field'

2017-07-26 15:14:21 - [TEST_STEP][PASSED] - sendKeys: Keys '' sent to object: 'Object Repository/Page_AW Force Website Builder/Themes/input_select2-search__field'

2017-07-26 15:14:22 - [MESSAGE][PASSED] - Keys '' sent to object: 'Object Repository/Page_AW Force Website Builder/Themes/input_select2-search__field'

2017-07-26 15:14:22 - [TEST_STEP][PASSED] - Statement - Finally: null

2017-07-26 15:14:22 - [TEST_STEP][PASSED] - Statement - println("enter works"): null

2017-07-26 15:14:22 - [TEST_STEP][PASSED] - verifyElementPresent: Object 'Object Repository/Page_AW Force Website Builder/Themes/label_Select a theme' is present

2017-07-26 15:14:22 - [MESSAGE][WARNING] - Timeout '0' is invalid. Using default page load timeout: '30'

2017-07-26 15:14:22 - [MESSAGE][PASSED] - Object 'Object Repository/Page_AW Force Website Builder/Themes/label_Select a theme' is present]]></system-out>
         <system-err><![CDATA[]]></system-err>
      </testcase>
      <testcase name="Test Cases/Website Creation/Select Theme Impact" classname="Test Cases/Website Creation/Select Theme Impact" status="PASSED">
         <system-out><![CDATA[2017-07-26 15:14:22 - [TEST_CASE][PASSED] - Test Cases/Website Creation/Select Theme Impact: Test Cases/Website Creation/Select Theme Impact

2017-07-26 15:14:22 - [TEST_STEP][PASSED] - verifyElementPresent: Object 'Object Repository/Page_AW Force Website Builder/Themes/label_Select a theme' is present

2017-07-26 15:14:22 - [MESSAGE][PASSED] - Object 'Object Repository/Page_AW Force Website Builder/Themes/label_Select a theme' is present

2017-07-26 15:14:22 - [TEST_STEP][PASSED] - click: Object: 'Object Repository/Page_AW Force Website Builder/Themes/span_Reaction' is clicked on

2017-07-26 15:14:22 - [MESSAGE][PASSED] - Object: 'Object Repository/Page_AW Force Website Builder/Themes/span_Reaction' is clicked on

2017-07-26 15:14:22 - [TEST_STEP][PASSED] - Statement - Try: Object: 'Object Repository/Page_AW Force Website Builder/Themes/li_Impact' is clicked on

2017-07-26 15:14:22 - [TEST_STEP][PASSED] - setText: Text 'Impact' is set on object 'Object Repository/Page_AW Force Website Builder/Themes/input_select2-search__field'

2017-07-26 15:14:23 - [MESSAGE][PASSED] - Text 'Impact' is set on object 'Object Repository/Page_AW Force Website Builder/Themes/input_select2-search__field'

2017-07-26 15:14:23 - [TEST_STEP][PASSED] - click: Object: 'Object Repository/Page_AW Force Website Builder/Themes/li_Impact' is clicked on

2017-07-26 15:14:23 - [MESSAGE][PASSED] - Object: 'Object Repository/Page_AW Force Website Builder/Themes/li_Impact' is clicked on

2017-07-26 15:14:23 - [TEST_STEP][PASSED] - Statement - Finally: Object: 'Object Repository/Page_AW Force Website Builder/Themes/li_Reaction' is clicked on

2017-07-26 15:14:23 - [TEST_STEP][PASSED] - click: Object: 'Object Repository/Page_AW Force Website Builder/Themes/span_select2-selection__arrow' is clicked on

2017-07-26 15:14:23 - [MESSAGE][PASSED] - Object: 'Object Repository/Page_AW Force Website Builder/Themes/span_select2-selection__arrow' is clicked on

2017-07-26 15:14:23 - [TEST_STEP][PASSED] - click: Object: 'Object Repository/Page_AW Force Website Builder/Themes/li_Reaction' is clicked on

2017-07-26 15:14:23 - [MESSAGE][PASSED] - Object: 'Object Repository/Page_AW Force Website Builder/Themes/li_Reaction' is clicked on

2017-07-26 15:14:23 - [TEST_STEP][PASSED] - click: Object: 'Object Repository/Page_AW Force Website Builder/Themes/span_Reaction' is clicked on

2017-07-26 15:14:24 - [MESSAGE][PASSED] - Object: 'Object Repository/Page_AW Force Website Builder/Themes/span_Reaction' is clicked on

2017-07-26 15:14:24 - [TEST_STEP][PASSED] - Statement - Try: Keys '' sent to object: 'Object Repository/Page_AW Force Website Builder/Themes/input_select2-search__field'

2017-07-26 15:14:24 - [TEST_STEP][PASSED] - setText: Text 'Impact' is set on object 'Object Repository/Page_AW Force Website Builder/Themes/input_select2-search__field'

2017-07-26 15:14:24 - [MESSAGE][PASSED] - Text 'Impact' is set on object 'Object Repository/Page_AW Force Website Builder/Themes/input_select2-search__field'

2017-07-26 15:14:24 - [TEST_STEP][PASSED] - sendKeys: Keys '' sent to object: 'Object Repository/Page_AW Force Website Builder/Themes/input_select2-search__field'

2017-07-26 15:14:24 - [MESSAGE][PASSED] - Keys '' sent to object: 'Object Repository/Page_AW Force Website Builder/Themes/input_select2-search__field'

2017-07-26 15:14:24 - [TEST_STEP][PASSED] - Statement - Finally: null

2017-07-26 15:14:24 - [TEST_STEP][PASSED] - Statement - println("enter works"): null]]></system-out>
         <system-err><![CDATA[]]></system-err>
      </testcase>
      <system-out><![CDATA[2017-07-26 15:14:13 - [TEST_SUITE][PASSED] - Build an Impact Website: Test Cases/Website Creation/Select Theme Impact]]></system-out>
      <system-err><![CDATA[]]></system-err>
   </testsuite>
</testsuites>
